[2016-09-20T12:58:57.877]  Loading science file "/storage/group/cfb12_collab/transits/V0645_Cen/20160908/l20160908-235133-V0645_Cen-I.fit" (1 of 69)
[2016-09-20T12:58:58.525]      Observatory name "Las Campanas Obs. Vallenar/Cerro Las Campanas" manually selected
[2016-09-20T12:58:58.536]      Target coordinates manually entered = 14:29:42.949 -62:40:46.16 (J2000)
[2016-09-20T12:58:58.538]      JD = 2457640.494427 (mid-exp)
[2016-09-20T12:58:58.538]      HJD = 2457640.493189 (mid-exp)    (correction = -1.7825 minutes)
[2016-09-20T12:58:58.539]      BJD(TDB) = 2457640.493949 (mid-exp)    (correction = -0.6889 minutes)
[2016-09-20T12:58:58.540]      Altitude = 40.04 (mid-exp)
[2016-09-20T12:58:58.541]      Azimuth = 210.48 (mid-exp)
[2016-09-20T12:58:58.542]      Hour Angle = 3.87 (mid-exp)
[2016-09-20T12:58:58.543]      Zenith Distance = 49.96 (mid-exp)
[2016-09-20T12:58:58.543]      Airmass = 1.5515 (mid-exp)
[2016-09-20T13:01:47.665]  Loading science file "/storage/group/cfb12_collab/transits/V0645_Cen/20160908/l20160908-235223-V0645_Cen-I.fit" (2 of 69)
[2016-09-20T13:01:48.317]      Observatory name "Las Campanas Obs. Vallenar/Cerro Las Campanas" manually selected
[2016-09-20T13:01:48.519]      Target coordinates manually entered = 14:29:42.949 -62:40:46.16 (J2000)
[2016-09-20T13:01:48.527]      JD = 2457640.494809 (mid-exp)
[2016-09-20T13:01:48.547]      HJD = 2457640.493571 (mid-exp)    (correction = -1.7826 minutes)
[2016-09-20T13:01:48.549]      BJD(TDB) = 2457640.494331 (mid-exp)    (correction = -0.6890 minutes)
[2016-09-20T13:01:48.554]      Altitude = 39.98 (mid-exp)
[2016-09-20T13:01:48.558]      Azimuth = 210.50 (mid-exp)
[2016-09-20T13:01:49.463]      Hour Angle = 3.88 (mid-exp)
[2016-09-20T13:01:49.463]      Zenith Distance = 50.02 (mid-exp)
[2016-09-20T13:01:49.463]      Airmass = 1.5535 (mid-exp)
[2016-09-20T13:01:50.341]  Loading science file "/storage/group/cfb12_collab/transits/V0645_Cen/20160908/l20160908-235256-V0645_Cen-I.fit" (3 of 69)
[2016-09-20T13:01:50.965]      Observatory name "Las Campanas Obs. Vallenar/Cerro Las Campanas" manually selected
[2016-09-20T13:01:50.971]      Target coordinates manually entered = 14:29:42.949 -62:40:46.16 (J2000)
[2016-09-20T13:01:50.971]      JD = 2457640.495179 (mid-exp)
[2016-09-20T13:01:50.972]      HJD = 2457640.493941 (mid-exp)    (correction = -1.7826 minutes)
[2016-09-20T13:01:50.972]      BJD(TDB) = 2457640.494701 (mid-exp)    (correction = -0.6890 minutes)
[2016-09-20T13:01:50.972]      Altitude = 39.92 (mid-exp)
[2016-09-20T13:01:50.972]      Azimuth = 210.52 (mid-exp)
[2016-09-20T13:01:50.972]      Hour Angle = 3.89 (mid-exp)
[2016-09-20T13:01:50.973]      Zenith Distance = 50.08 (mid-exp)
[2016-09-20T13:01:50.973]      Airmass = 1.5554 (mid-exp)
[2016-09-20T13:01:51.852]  Loading science file "/storage/group/cfb12_collab/transits/V0645_Cen/20160908/l20160908-235327-V0645_Cen-I.fit" (4 of 69)
[2016-09-20T13:01:52.390]      Observatory name "Las Campanas Obs. Vallenar/Cerro Las Campanas" manually selected
[2016-09-20T13:01:52.394]      Target coordinates manually entered = 14:29:42.949 -62:40:46.16 (J2000)
[2016-09-20T13:01:52.394]      JD = 2457640.495538 (mid-exp)
[2016-09-20T13:01:52.394]      HJD = 2457640.494300 (mid-exp)    (correction = -1.7826 minutes)
[2016-09-20T13:01:52.394]      BJD(TDB) = 2457640.495060 (mid-exp)    (correction = -0.6890 minutes)
[2016-09-20T13:01:52.395]      Altitude = 39.87 (mid-exp)
[2016-09-20T13:01:52.395]      Azimuth = 210.54 (mid-exp)
[2016-09-20T13:01:52.395]      Hour Angle = 3.90 (mid-exp)
[2016-09-20T13:01:52.395]      Zenith Distance = 50.13 (mid-exp)
[2016-09-20T13:01:52.395]      Airmass = 1.5573 (mid-exp)
[2016-09-20T13:01:53.026]  Loading science file "/storage/group/cfb12_collab/transits/V0645_Cen/20160908/l20160908-235359-V0645_Cen-I.fit" (5 of 69)
[2016-09-20T13:01:53.715]      Observatory name "Las Campanas Obs. Vallenar/Cerro Las Campanas" manually selected
[2016-09-20T13:01:53.720]      Target coordinates manually entered = 14:29:42.949 -62:40:46.16 (J2000)
[2016-09-20T13:01:53.720]      JD = 2457640.495909 (mid-exp)
[2016-09-20T13:01:53.720]      HJD = 2457640.494671 (mid-exp)    (correction = -1.7827 minutes)
[2016-09-20T13:01:53.720]      BJD(TDB) = 2457640.495430 (mid-exp)    (correction = -0.6891 minutes)
[2016-09-20T13:01:53.721]      Altitude = 39.81 (mid-exp)
[2016-09-20T13:01:53.721]      Azimuth = 210.56 (mid-exp)
[2016-09-20T13:01:53.721]      Hour Angle = 3.90 (mid-exp)
[2016-09-20T13:01:53.721]      Zenith Distance = 50.19 (mid-exp)
[2016-09-20T13:01:53.721]      Airmass = 1.5592 (mid-exp)
[2016-09-20T13:01:54.478]  Loading science file "/storage/group/cfb12_collab/transits/V0645_Cen/20160908/l20160908-235432-V0645_Cen-I.fit" (6 of 69)
[2016-09-20T13:01:55.004]      Observatory name "Las Campanas Obs. Vallenar/Cerro Las Campanas" manually selected
[2016-09-20T13:01:55.009]      Target coordinates manually entered = 14:29:42.949 -62:40:46.16 (J2000)
[2016-09-20T13:01:55.010]      JD = 2457640.496291 (mid-exp)
[2016-09-20T13:01:55.010]      HJD = 2457640.495053 (mid-exp)    (correction = -1.7827 minutes)
[2016-09-20T13:01:55.010]      BJD(TDB) = 2457640.495812 (mid-exp)    (correction = -0.6891 minutes)
[2016-09-20T13:01:55.010]      Altitude = 39.75 (mid-exp)
[2016-09-20T13:01:55.010]      Azimuth = 210.58 (mid-exp)
[2016-09-20T13:01:55.011]      Hour Angle = 3.91 (mid-exp)
[2016-09-20T13:01:55.011]      Zenith Distance = 50.25 (mid-exp)
[2016-09-20T13:01:55.011]      Airmass = 1.5612 (mid-exp)
[2016-09-20T13:01:55.699]  Loading science file "/storage/group/cfb12_collab/transits/V0645_Cen/20160908/l20160908-235504-V0645_Cen-I.fit" (7 of 69)
[2016-09-20T13:01:56.267]      Observatory name "Las Campanas Obs. Vallenar/Cerro Las Campanas" manually selected
[2016-09-20T13:01:56.272]      Target coordinates manually entered = 14:29:42.949 -62:40:46.16 (J2000)
[2016-09-20T13:01:56.273]      JD = 2457640.496661 (mid-exp)
[2016-09-20T13:01:56.273]      HJD = 2457640.495423 (mid-exp)    (correction = -1.7828 minutes)
[2016-09-20T13:01:56.273]      BJD(TDB) = 2457640.496182 (mid-exp)    (correction = -0.6891 minutes)
[2016-09-20T13:01:56.273]      Altitude = 39.69 (mid-exp)
[2016-09-20T13:01:56.273]      Azimuth = 210.60 (mid-exp)
[2016-09-20T13:01:56.274]      Hour Angle = 3.92 (mid-exp)
[2016-09-20T13:01:56.274]      Zenith Distance = 50.31 (mid-exp)
[2016-09-20T13:01:56.274]      Airmass = 1.5631 (mid-exp)
[2016-09-20T13:01:56.906]  Loading science file "/storage/group/cfb12_collab/transits/V0645_Cen/20160908/l20160908-235536-V0645_Cen-I.fit" (8 of 69)
[2016-09-20T13:01:57.446]      Observatory name "Las Campanas Obs. Vallenar/Cerro Las Campanas" manually selected
[2016-09-20T13:01:57.451]      Target coordinates manually entered = 14:29:42.949 -62:40:46.16 (J2000)
[2016-09-20T13:01:57.451]      JD = 2457640.497031 (mid-exp)
[2016-09-20T13:01:57.452]      HJD = 2457640.495793 (mid-exp)    (correction = -1.7828 minutes)
[2016-09-20T13:01:57.452]      BJD(TDB) = 2457640.496553 (mid-exp)    (correction = -0.6892 minutes)
[2016-09-20T13:01:57.452]      Altitude = 39.63 (mid-exp)
[2016-09-20T13:01:57.452]      Azimuth = 210.61 (mid-exp)
[2016-09-20T13:01:57.453]      Hour Angle = 3.93 (mid-exp)
[2016-09-20T13:01:57.453]      Zenith Distance = 50.37 (mid-exp)
[2016-09-20T13:01:57.453]      Airmass = 1.5651 (mid-exp)
[2016-09-20T13:01:58.155]  Loading science file "/storage/group/cfb12_collab/transits/V0645_Cen/20160908/l20160908-235606-V0645_Cen-I.fit" (9 of 69)
[2016-09-20T13:01:58.676]      Observatory name "Las Campanas Obs. Vallenar/Cerro Las Campanas" manually selected
[2016-09-20T13:01:58.682]      Target coordinates manually entered = 14:29:42.949 -62:40:46.16 (J2000)
[2016-09-20T13:01:58.682]      JD = 2457640.497390 (mid-exp)
[2016-09-20T13:01:58.682]      HJD = 2457640.496152 (mid-exp)    (correction = -1.7828 minutes)
[2016-09-20T13:01:58.682]      BJD(TDB) = 2457640.496911 (mid-exp)    (correction = -0.6892 minutes)
[2016-09-20T13:01:58.682]      Altitude = 39.57 (mid-exp)
[2016-09-20T13:01:58.683]      Azimuth = 210.63 (mid-exp)
[2016-09-20T13:01:58.683]      Hour Angle = 3.94 (mid-exp)
[2016-09-20T13:01:58.683]      Zenith Distance = 50.43 (mid-exp)
[2016-09-20T13:01:58.683]      Airmass = 1.5670 (mid-exp)
[2016-09-20T13:01:59.273]  Loading science file "/storage/group/cfb12_collab/transits/V0645_Cen/20160908/l20160908-235638-V0645_Cen-I.fit" (10 of 69)
[2016-09-20T13:01:59.839]      Observatory name "Las Campanas Obs. Vallenar/Cerro Las Campanas" manually selected
[2016-09-20T13:01:59.845]      Target coordinates manually entered = 14:29:42.949 -62:40:46.16 (J2000)
[2016-09-20T13:01:59.845]      JD = 2457640.497760 (mid-exp)
[2016-09-20T13:01:59.845]      HJD = 2457640.496522 (mid-exp)    (correction = -1.7829 minutes)
[2016-09-20T13:01:59.846]      BJD(TDB) = 2457640.497282 (mid-exp)    (correction = -0.6893 minutes)
[2016-09-20T13:01:59.846]      Altitude = 39.51 (mid-exp)
[2016-09-20T13:01:59.846]      Azimuth = 210.65 (mid-exp)
[2016-09-20T13:01:59.846]      Hour Angle = 3.95 (mid-exp)
[2016-09-20T13:01:59.846]      Zenith Distance = 50.49 (mid-exp)
[2016-09-20T13:01:59.847]      Airmass = 1.5689 (mid-exp)
[2016-09-20T13:02:00.647]  Loading science file "/storage/group/cfb12_collab/transits/V0645_Cen/20160908/l20160908-235711-V0645_Cen-I.fit" (11 of 69)
[2016-09-20T13:02:01.171]      Observatory name "Las Campanas Obs. Vallenar/Cerro Las Campanas" manually selected
[2016-09-20T13:02:01.176]      Target coordinates manually entered = 14:29:42.949 -62:40:46.16 (J2000)
[2016-09-20T13:02:01.176]      JD = 2457640.498131 (mid-exp)
[2016-09-20T13:02:01.177]      HJD = 2457640.496893 (mid-exp)    (correction = -1.7829 minutes)
[2016-09-20T13:02:01.177]      BJD(TDB) = 2457640.497652 (mid-exp)    (correction = -0.6893 minutes)
[2016-09-20T13:02:01.177]      Altitude = 39.45 (mid-exp)
[2016-09-20T13:02:01.177]      Azimuth = 210.67 (mid-exp)
[2016-09-20T13:02:01.177]      Hour Angle = 3.96 (mid-exp)
[2016-09-20T13:02:01.178]      Zenith Distance = 50.55 (mid-exp)
[2016-09-20T13:02:01.178]      Airmass = 1.5709 (mid-exp)
[2016-09-20T13:02:02.238]  Loading science file "/storage/group/cfb12_collab/transits/V0645_Cen/20160908/l20160908-235743-V0645_Cen-I.fit" (12 of 69)
[2016-09-20T13:02:02.777]      Observatory name "Las Campanas Obs. Vallenar/Cerro Las Campanas" manually selected
[2016-09-20T13:02:02.783]      Target coordinates manually entered = 14:29:42.949 -62:40:46.16 (J2000)
[2016-09-20T13:02:02.783]      JD = 2457640.498501 (mid-exp)
[2016-09-20T13:02:02.783]      HJD = 2457640.497263 (mid-exp)    (correction = -1.7829 minutes)
[2016-09-20T13:02:02.783]      BJD(TDB) = 2457640.498022 (mid-exp)    (correction = -0.6893 minutes)
[2016-09-20T13:02:02.783]      Altitude = 39.39 (mid-exp)
[2016-09-20T13:02:02.784]      Azimuth = 210.69 (mid-exp)
[2016-09-20T13:02:02.784]      Hour Angle = 3.97 (mid-exp)
[2016-09-20T13:02:02.784]      Zenith Distance = 50.61 (mid-exp)
[2016-09-20T13:02:02.784]      Airmass = 1.5729 (mid-exp)
[2016-09-20T13:02:03.455]  Loading science file "/storage/group/cfb12_collab/transits/V0645_Cen/20160908/l20160908-235814-V0645_Cen-I.fit" (13 of 69)
[2016-09-20T13:02:04.051]      Observatory name "Las Campanas Obs. Vallenar/Cerro Las Campanas" manually selected
[2016-09-20T13:02:04.056]      Target coordinates manually entered = 14:29:42.949 -62:40:46.16 (J2000)
[2016-09-20T13:02:04.056]      JD = 2457640.498860 (mid-exp)
[2016-09-20T13:02:04.056]      HJD = 2457640.497622 (mid-exp)    (correction = -1.7830 minutes)
[2016-09-20T13:02:04.056]      BJD(TDB) = 2457640.498381 (mid-exp)    (correction = -0.6894 minutes)
[2016-09-20T13:02:04.056]      Altitude = 39.33 (mid-exp)
[2016-09-20T13:02:04.057]      Azimuth = 210.70 (mid-exp)
[2016-09-20T13:02:04.057]      Hour Angle = 3.98 (mid-exp)
[2016-09-20T13:02:04.057]      Zenith Distance = 50.67 (mid-exp)
[2016-09-20T13:02:04.057]      Airmass = 1.5748 (mid-exp)
[2016-09-20T13:02:04.692]  Loading science file "/storage/group/cfb12_collab/transits/V0645_Cen/20160908/l20160908-235846-V0645_Cen-I.fit" (14 of 69)
[2016-09-20T13:02:05.224]      Observatory name "Las Campanas Obs. Vallenar/Cerro Las Campanas" manually selected
[2016-09-20T13:02:05.230]      Target coordinates manually entered = 14:29:42.949 -62:40:46.16 (J2000)
[2016-09-20T13:02:05.231]      JD = 2457640.499230 (mid-exp)
[2016-09-20T13:02:05.231]      HJD = 2457640.497992 (mid-exp)    (correction = -1.7830 minutes)
[2016-09-20T13:02:05.231]      BJD(TDB) = 2457640.498752 (mid-exp)    (correction = -0.6894 minutes)
[2016-09-20T13:02:05.232]      Altitude = 39.27 (mid-exp)
[2016-09-20T13:02:05.232]      Azimuth = 210.72 (mid-exp)
[2016-09-20T13:02:05.232]      Hour Angle = 3.98 (mid-exp)
[2016-09-20T13:02:05.232]      Zenith Distance = 50.73 (mid-exp)
[2016-09-20T13:02:05.233]      Airmass = 1.5768 (mid-exp)
[2016-09-20T13:02:05.977]  Loading science file "/storage/group/cfb12_collab/transits/V0645_Cen/20160908/l20160908-235918-V0645_Cen-I.fit" (15 of 69)
[2016-09-20T13:02:06.538]      Observatory name "Las Campanas Obs. Vallenar/Cerro Las Campanas" manually selected
[2016-09-20T13:02:06.545]      Target coordinates manually entered = 14:29:42.949 -62:40:46.16 (J2000)
[2016-09-20T13:02:06.545]      JD = 2457640.499601 (mid-exp)
[2016-09-20T13:02:06.545]      HJD = 2457640.498362 (mid-exp)    (correction = -1.7830 minutes)
[2016-09-20T13:02:06.545]      BJD(TDB) = 2457640.499122 (mid-exp)    (correction = -0.6894 minutes)
[2016-09-20T13:02:06.545]      Altitude = 39.21 (mid-exp)
[2016-09-20T13:02:06.546]      Azimuth = 210.74 (mid-exp)
[2016-09-20T13:02:06.546]      Hour Angle = 3.99 (mid-exp)
[2016-09-20T13:02:06.546]      Zenith Distance = 50.79 (mid-exp)
[2016-09-20T13:02:06.546]      Airmass = 1.5788 (mid-exp)
[2016-09-20T13:02:07.339]  Loading science file "/storage/group/cfb12_collab/transits/V0645_Cen/20160908/l20160908-235950-V0645_Cen-I.fit" (16 of 69)
[2016-09-20T13:02:07.863]      Observatory name "Las Campanas Obs. Vallenar/Cerro Las Campanas" manually selected
[2016-09-20T13:02:07.869]      Target coordinates manually entered = 14:29:42.949 -62:40:46.16 (J2000)
[2016-09-20T13:02:07.869]      JD = 2457640.499983 (mid-exp)
[2016-09-20T13:02:07.870]      HJD = 2457640.498744 (mid-exp)    (correction = -1.7831 minutes)
[2016-09-20T13:02:07.870]      BJD(TDB) = 2457640.499504 (mid-exp)    (correction = -0.6895 minutes)
[2016-09-20T13:02:07.870]      Altitude = 39.15 (mid-exp)
[2016-09-20T13:02:07.870]      Azimuth = 210.76 (mid-exp)
[2016-09-20T13:02:07.871]      Hour Angle = 4.00 (mid-exp)
[2016-09-20T13:02:07.871]      Zenith Distance = 50.85 (mid-exp)
[2016-09-20T13:02:07.871]      Airmass = 1.5809 (mid-exp)
[2016-09-20T13:02:08.485]  Loading science file "/storage/group/cfb12_collab/transits/V0645_Cen/20160908/l20160909-000022-V0645_Cen-I.fit" (17 of 69)
[2016-09-20T13:02:09.077]      Observatory name "Las Campanas Obs. Vallenar/Cerro Las Campanas" manually selected
[2016-09-20T13:02:09.083]      Target coordinates manually entered = 14:29:42.949 -62:40:46.16 (J2000)
[2016-09-20T13:02:09.083]      JD = 2457640.500341 (mid-exp)
[2016-09-20T13:02:09.083]      HJD = 2457640.499103 (mid-exp)    (correction = -1.7831 minutes)
[2016-09-20T13:02:09.083]      BJD(TDB) = 2457640.499863 (mid-exp)    (correction = -0.6895 minutes)
[2016-09-20T13:02:09.084]      Altitude = 39.09 (mid-exp)
[2016-09-20T13:02:09.084]      Azimuth = 210.77 (mid-exp)
[2016-09-20T13:02:09.084]      Hour Angle = 4.01 (mid-exp)
[2016-09-20T13:02:09.084]      Zenith Distance = 50.91 (mid-exp)
[2016-09-20T13:02:09.085]      Airmass = 1.5828 (mid-exp)
[2016-09-20T13:02:09.936]  Loading science file "/storage/group/cfb12_collab/transits/V0645_Cen/20160908/l20160909-000054-V0645_Cen-I.fit" (18 of 69)
[2016-09-20T13:02:10.532]      Observatory name "Las Campanas Obs. Vallenar/Cerro Las Campanas" manually selected
[2016-09-20T13:02:10.538]      Target coordinates manually entered = 14:29:42.949 -62:40:46.16 (J2000)
[2016-09-20T13:02:10.538]      JD = 2457640.500712 (mid-exp)
[2016-09-20T13:02:10.538]      HJD = 2457640.499474 (mid-exp)    (correction = -1.7831 minutes)
[2016-09-20T13:02:10.538]      BJD(TDB) = 2457640.500233 (mid-exp)    (correction = -0.6895 minutes)
[2016-09-20T13:02:10.538]      Altitude = 39.03 (mid-exp)
[2016-09-20T13:02:10.539]      Azimuth = 210.79 (mid-exp)
[2016-09-20T13:02:10.539]      Hour Angle = 4.02 (mid-exp)
[2016-09-20T13:02:10.539]      Zenith Distance = 50.97 (mid-exp)
[2016-09-20T13:02:10.539]      Airmass = 1.5848 (mid-exp)
[2016-09-20T13:02:11.216]  Loading science file "/storage/group/cfb12_collab/transits/V0645_Cen/20160908/l20160909-000126-V0645_Cen-I.fit" (19 of 69)
[2016-09-20T13:02:11.744]      Observatory name "Las Campanas Obs. Vallenar/Cerro Las Campanas" manually selected
[2016-09-20T13:02:11.750]      Target coordinates manually entered = 14:29:42.949 -62:40:46.16 (J2000)
[2016-09-20T13:02:11.750]      JD = 2457640.501094 (mid-exp)
[2016-09-20T13:02:11.750]      HJD = 2457640.499855 (mid-exp)    (correction = -1.7832 minutes)
[2016-09-20T13:02:11.750]      BJD(TDB) = 2457640.500615 (mid-exp)    (correction = -0.6896 minutes)
[2016-09-20T13:02:11.750]      Altitude = 38.97 (mid-exp)
[2016-09-20T13:02:11.751]      Azimuth = 210.81 (mid-exp)
[2016-09-20T13:02:11.751]      Hour Angle = 4.03 (mid-exp)
[2016-09-20T13:02:11.751]      Zenith Distance = 51.03 (mid-exp)
[2016-09-20T13:02:11.751]      Airmass = 1.5869 (mid-exp)
[2016-09-20T13:02:12.468]  Loading science file "/storage/group/cfb12_collab/transits/V0645_Cen/20160908/l20160909-000158-V0645_Cen-I.fit" (20 of 69)
[2016-09-20T13:02:13.012]      Observatory name "Las Campanas Obs. Vallenar/Cerro Las Campanas" manually selected
[2016-09-20T13:02:13.018]      Target coordinates manually entered = 14:29:42.949 -62:40:46.16 (J2000)
[2016-09-20T13:02:13.018]      JD = 2457640.501453 (mid-exp)
[2016-09-20T13:02:13.018]      HJD = 2457640.500214 (mid-exp)    (correction = -1.7832 minutes)
[2016-09-20T13:02:13.018]      BJD(TDB) = 2457640.500974 (mid-exp)    (correction = -0.6896 minutes)
[2016-09-20T13:02:13.018]      Altitude = 38.91 (mid-exp)
[2016-09-20T13:02:13.018]      Azimuth = 210.82 (mid-exp)
[2016-09-20T13:02:13.019]      Hour Angle = 4.04 (mid-exp)
[2016-09-20T13:02:13.019]      Zenith Distance = 51.09 (mid-exp)
[2016-09-20T13:02:13.019]      Airmass = 1.5889 (mid-exp)
[2016-09-20T13:02:14.202]  Loading science file "/storage/group/cfb12_collab/transits/V0645_Cen/20160908/l20160909-000230-V0645_Cen-I.fit" (21 of 69)
[2016-09-20T13:02:14.737]      Observatory name "Las Campanas Obs. Vallenar/Cerro Las Campanas" manually selected
[2016-09-20T13:02:14.743]      Target coordinates manually entered = 14:29:42.949 -62:40:46.16 (J2000)
[2016-09-20T13:02:14.743]      JD = 2457640.501834 (mid-exp)
[2016-09-20T13:02:14.743]      HJD = 2457640.500596 (mid-exp)    (correction = -1.7833 minutes)
[2016-09-20T13:02:14.743]      BJD(TDB) = 2457640.501356 (mid-exp)    (correction = -0.6896 minutes)
[2016-09-20T13:02:14.744]      Altitude = 38.85 (mid-exp)
[2016-09-20T13:02:14.744]      Azimuth = 210.84 (mid-exp)
[2016-09-20T13:02:14.744]      Hour Angle = 4.05 (mid-exp)
[2016-09-20T13:02:14.744]      Zenith Distance = 51.15 (mid-exp)
[2016-09-20T13:02:14.744]      Airmass = 1.5910 (mid-exp)
[2016-09-20T13:02:15.685]  Loading science file "/storage/group/cfb12_collab/transits/V0645_Cen/20160908/l20160909-000303-V0645_Cen-I.fit" (22 of 69)
[2016-09-20T13:02:16.225]      Observatory name "Las Campanas Obs. Vallenar/Cerro Las Campanas" manually selected
[2016-09-20T13:02:16.231]      Target coordinates manually entered = 14:29:42.949 -62:40:46.16 (J2000)
[2016-09-20T13:02:16.231]      JD = 2457640.502205 (mid-exp)
[2016-09-20T13:02:16.231]      HJD = 2457640.500966 (mid-exp)    (correction = -1.7833 minutes)
[2016-09-20T13:02:16.231]      BJD(TDB) = 2457640.501726 (mid-exp)    (correction = -0.6897 minutes)
[2016-09-20T13:02:16.231]      Altitude = 38.79 (mid-exp)
[2016-09-20T13:02:16.232]      Azimuth = 210.85 (mid-exp)
[2016-09-20T13:02:16.232]      Hour Angle = 4.06 (mid-exp)
[2016-09-20T13:02:16.232]      Zenith Distance = 51.21 (mid-exp)
[2016-09-20T13:02:16.233]      Airmass = 1.5931 (mid-exp)
[2016-09-20T13:02:17.011]  Loading science file "/storage/group/cfb12_collab/transits/V0645_Cen/20160908/l20160909-000335-V0645_Cen-I.fit" (23 of 69)
[2016-09-20T13:02:17.536]      Observatory name "Las Campanas Obs. Vallenar/Cerro Las Campanas" manually selected
[2016-09-20T13:02:17.541]      Target coordinates manually entered = 14:29:42.949 -62:40:46.16 (J2000)
[2016-09-20T13:02:17.542]      JD = 2457640.502575 (mid-exp)
[2016-09-20T13:02:17.542]      HJD = 2457640.501337 (mid-exp)    (correction = -1.7833 minutes)
[2016-09-20T13:02:17.542]      BJD(TDB) = 2457640.502096 (mid-exp)    (correction = -0.6897 minutes)
[2016-09-20T13:02:17.542]      Altitude = 38.73 (mid-exp)
[2016-09-20T13:02:17.542]      Azimuth = 210.87 (mid-exp)
[2016-09-20T13:02:17.543]      Hour Angle = 4.06 (mid-exp)
[2016-09-20T13:02:17.543]      Zenith Distance = 51.27 (mid-exp)
[2016-09-20T13:02:17.543]      Airmass = 1.5951 (mid-exp)
[2016-09-20T13:02:18.243]  Loading science file "/storage/group/cfb12_collab/transits/V0645_Cen/20160908/l20160909-000407-V0645_Cen-I.fit" (24 of 69)
[2016-09-20T13:02:18.766]      Observatory name "Las Campanas Obs. Vallenar/Cerro Las Campanas" manually selected
[2016-09-20T13:02:18.771]      Target coordinates manually entered = 14:29:42.949 -62:40:46.16 (J2000)
[2016-09-20T13:02:18.771]      JD = 2457640.502946 (mid-exp)
[2016-09-20T13:02:18.772]      HJD = 2457640.501707 (mid-exp)    (correction = -1.7834 minutes)
[2016-09-20T13:02:18.772]      BJD(TDB) = 2457640.502467 (mid-exp)    (correction = -0.6897 minutes)
[2016-09-20T13:02:18.772]      Altitude = 38.67 (mid-exp)
[2016-09-20T13:02:18.772]      Azimuth = 210.89 (mid-exp)
[2016-09-20T13:02:18.772]      Hour Angle = 4.07 (mid-exp)
[2016-09-20T13:02:18.773]      Zenith Distance = 51.33 (mid-exp)
[2016-09-20T13:02:18.773]      Airmass = 1.5972 (mid-exp)
[2016-09-20T13:02:19.483]  Loading science file "/storage/group/cfb12_collab/transits/V0645_Cen/20160908/l20160909-000439-V0645_Cen-I.fit" (25 of 69)
[2016-09-20T13:02:20.006]      Observatory name "Las Campanas Obs. Vallenar/Cerro Las Campanas" manually selected
[2016-09-20T13:02:20.012]      Target coordinates manually entered = 14:29:42.949 -62:40:46.16 (J2000)
[2016-09-20T13:02:20.012]      JD = 2457640.503316 (mid-exp)
[2016-09-20T13:02:20.012]      HJD = 2457640.502078 (mid-exp)    (correction = -1.7834 minutes)
[2016-09-20T13:02:20.012]      BJD(TDB) = 2457640.502837 (mid-exp)    (correction = -0.6898 minutes)
[2016-09-20T13:02:20.013]      Altitude = 38.61 (mid-exp)
[2016-09-20T13:02:20.013]      Azimuth = 210.90 (mid-exp)
[2016-09-20T13:02:20.013]      Hour Angle = 4.08 (mid-exp)
[2016-09-20T13:02:20.013]      Zenith Distance = 51.39 (mid-exp)
[2016-09-20T13:02:20.014]      Airmass = 1.5993 (mid-exp)
[2016-09-20T13:02:20.654]  Loading science file "/storage/group/cfb12_collab/transits/V0645_Cen/20160908/l20160909-000511-V0645_Cen-I.fit" (26 of 69)
[2016-09-20T13:02:21.187]      Observatory name "Las Campanas Obs. Vallenar/Cerro Las Campanas" manually selected
[2016-09-20T13:02:21.193]      Target coordinates manually entered = 14:29:42.949 -62:40:46.16 (J2000)
[2016-09-20T13:02:21.193]      JD = 2457640.503686 (mid-exp)
[2016-09-20T13:02:21.193]      HJD = 2457640.502448 (mid-exp)    (correction = -1.7834 minutes)
[2016-09-20T13:02:21.193]      BJD(TDB) = 2457640.503207 (mid-exp)    (correction = -0.6898 minutes)
[2016-09-20T13:02:21.193]      Altitude = 38.55 (mid-exp)
[2016-09-20T13:02:21.194]      Azimuth = 210.92 (mid-exp)
[2016-09-20T13:02:21.194]      Hour Angle = 4.09 (mid-exp)
[2016-09-20T13:02:21.194]      Zenith Distance = 51.45 (mid-exp)
[2016-09-20T13:02:21.194]      Airmass = 1.6014 (mid-exp)
[2016-09-20T13:02:21.807]  Loading science file "/storage/group/cfb12_collab/transits/V0645_Cen/20160908/l20160909-000543-V0645_Cen-I.fit" (27 of 69)
[2016-09-20T13:02:22.333]      Observatory name "Las Campanas Obs. Vallenar/Cerro Las Campanas" manually selected
[2016-09-20T13:02:22.338]      Target coordinates manually entered = 14:29:42.949 -62:40:46.16 (J2000)
[2016-09-20T13:02:22.338]      JD = 2457640.504057 (mid-exp)
[2016-09-20T13:02:22.338]      HJD = 2457640.502818 (mid-exp)    (correction = -1.7835 minutes)
[2016-09-20T13:02:22.339]      BJD(TDB) = 2457640.503578 (mid-exp)    (correction = -0.6899 minutes)
[2016-09-20T13:02:22.339]      Altitude = 38.49 (mid-exp)
[2016-09-20T13:02:22.339]      Azimuth = 210.93 (mid-exp)
[2016-09-20T13:02:22.339]      Hour Angle = 4.10 (mid-exp)
[2016-09-20T13:02:22.339]      Zenith Distance = 51.51 (mid-exp)
[2016-09-20T13:02:22.340]      Airmass = 1.6035 (mid-exp)
[2016-09-20T13:02:23.083]  Loading science file "/storage/group/cfb12_collab/transits/V0645_Cen/20160908/l20160909-000615-V0645_Cen-I.fit" (28 of 69)
[2016-09-20T13:02:23.611]      Observatory name "Las Campanas Obs. Vallenar/Cerro Las Campanas" manually selected
[2016-09-20T13:02:23.616]      Target coordinates manually entered = 14:29:42.949 -62:40:46.16 (J2000)
[2016-09-20T13:02:23.616]      JD = 2457640.504427 (mid-exp)
[2016-09-20T13:02:23.616]      HJD = 2457640.503189 (mid-exp)    (correction = -1.7835 minutes)
[2016-09-20T13:02:23.617]      BJD(TDB) = 2457640.503948 (mid-exp)    (correction = -0.6899 minutes)
[2016-09-20T13:02:23.617]      Altitude = 38.43 (mid-exp)
[2016-09-20T13:02:23.617]      Azimuth = 210.95 (mid-exp)
[2016-09-20T13:02:23.617]      Hour Angle = 4.11 (mid-exp)
[2016-09-20T13:02:23.617]      Zenith Distance = 51.57 (mid-exp)
[2016-09-20T13:02:23.618]      Airmass = 1.6056 (mid-exp)
[2016-09-20T13:02:24.488]  Loading science file "/storage/group/cfb12_collab/transits/V0645_Cen/20160908/l20160909-000647-V0645_Cen-I.fit" (29 of 69)
[2016-09-20T13:02:25.011]      Observatory name "Las Campanas Obs. Vallenar/Cerro Las Campanas" manually selected
[2016-09-20T13:02:25.016]      Target coordinates manually entered = 14:29:42.949 -62:40:46.16 (J2000)
[2016-09-20T13:02:25.016]      JD = 2457640.504797 (mid-exp)
[2016-09-20T13:02:25.017]      HJD = 2457640.503559 (mid-exp)    (correction = -1.7835 minutes)
[2016-09-20T13:02:25.017]      BJD(TDB) = 2457640.504318 (mid-exp)    (correction = -0.6899 minutes)
[2016-09-20T13:02:25.017]      Altitude = 38.37 (mid-exp)
[2016-09-20T13:02:25.017]      Azimuth = 210.96 (mid-exp)
[2016-09-20T13:02:25.017]      Hour Angle = 4.12 (mid-exp)
[2016-09-20T13:02:25.018]      Zenith Distance = 51.63 (mid-exp)
[2016-09-20T13:02:25.018]      Airmass = 1.6077 (mid-exp)
[2016-09-20T13:02:25.856]  Loading science file "/storage/group/cfb12_collab/transits/V0645_Cen/20160908/l20160909-000719-V0645_Cen-I.fit" (30 of 69)
[2016-09-20T13:02:26.389]      Observatory name "Las Campanas Obs. Vallenar/Cerro Las Campanas" manually selected
[2016-09-20T13:02:26.393]      Target coordinates manually entered = 14:29:42.949 -62:40:46.16 (J2000)
[2016-09-20T13:02:26.394]      JD = 2457640.505168 (mid-exp)
[2016-09-20T13:02:26.394]      HJD = 2457640.503929 (mid-exp)    (correction = -1.7836 minutes)
[2016-09-20T13:02:26.394]      BJD(TDB) = 2457640.504689 (mid-exp)    (correction = -0.6900 minutes)
[2016-09-20T13:02:26.394]      Altitude = 38.31 (mid-exp)
[2016-09-20T13:02:26.394]      Azimuth = 210.97 (mid-exp)
[2016-09-20T13:02:26.395]      Hour Angle = 4.13 (mid-exp)
[2016-09-20T13:02:26.395]      Zenith Distance = 51.69 (mid-exp)
[2016-09-20T13:02:26.395]      Airmass = 1.6098 (mid-exp)
[2016-09-20T13:02:27.128]  Loading science file "/storage/group/cfb12_collab/transits/V0645_Cen/20160908/l20160909-000751-V0645_Cen-I.fit" (31 of 69)
[2016-09-20T13:02:27.733]      Observatory name "Las Campanas Obs. Vallenar/Cerro Las Campanas" manually selected
[2016-09-20T13:02:27.738]      Target coordinates manually entered = 14:29:42.949 -62:40:46.16 (J2000)
[2016-09-20T13:02:27.738]      JD = 2457640.505538 (mid-exp)
[2016-09-20T13:02:27.738]      HJD = 2457640.504300 (mid-exp)    (correction = -1.7836 minutes)
[2016-09-20T13:02:27.738]      BJD(TDB) = 2457640.505059 (mid-exp)    (correction = -0.6900 minutes)
[2016-09-20T13:02:27.738]      Altitude = 38.25 (mid-exp)
[2016-09-20T13:02:27.739]      Azimuth = 210.99 (mid-exp)
[2016-09-20T13:02:27.739]      Hour Angle = 4.14 (mid-exp)
[2016-09-20T13:02:27.739]      Zenith Distance = 51.75 (mid-exp)
[2016-09-20T13:02:27.739]      Airmass = 1.6120 (mid-exp)
[2016-09-20T13:02:28.375]  Loading science file "/storage/group/cfb12_collab/transits/V0645_Cen/20160908/l20160909-000823-V0645_Cen-I.fit" (32 of 69)
[2016-09-20T13:02:28.896]      Observatory name "Las Campanas Obs. Vallenar/Cerro Las Campanas" manually selected
[2016-09-20T13:02:28.901]      Target coordinates manually entered = 14:29:42.949 -62:40:46.16 (J2000)
[2016-09-20T13:02:28.901]      JD = 2457640.505909 (mid-exp)
[2016-09-20T13:02:28.901]      HJD = 2457640.504670 (mid-exp)    (correction = -1.7836 minutes)
[2016-09-20T13:02:28.901]      BJD(TDB) = 2457640.505429 (mid-exp)    (correction = -0.6900 minutes)
[2016-09-20T13:02:28.901]      Altitude = 38.19 (mid-exp)
[2016-09-20T13:02:28.902]      Azimuth = 211.00 (mid-exp)
[2016-09-20T13:02:28.902]      Hour Angle = 4.15 (mid-exp)
[2016-09-20T13:02:28.902]      Zenith Distance = 51.81 (mid-exp)
[2016-09-20T13:02:28.902]      Airmass = 1.6141 (mid-exp)
[2016-09-20T13:02:29.918]  Loading science file "/storage/group/cfb12_collab/transits/V0645_Cen/20160908/l20160909-000857-V0645_Cen-I.fit" (33 of 69)
[2016-09-20T13:02:30.529]      Observatory name "Las Campanas Obs. Vallenar/Cerro Las Campanas" manually selected
[2016-09-20T13:02:30.533]      Target coordinates manually entered = 14:29:42.949 -62:40:46.16 (J2000)
[2016-09-20T13:02:30.533]      JD = 2457640.506302 (mid-exp)
[2016-09-20T13:02:30.534]      HJD = 2457640.505063 (mid-exp)    (correction = -1.7837 minutes)
[2016-09-20T13:02:30.534]      BJD(TDB) = 2457640.505823 (mid-exp)    (correction = -0.6901 minutes)
[2016-09-20T13:02:30.534]      Altitude = 38.13 (mid-exp)
[2016-09-20T13:02:30.534]      Azimuth = 211.02 (mid-exp)
[2016-09-20T13:02:30.534]      Hour Angle = 4.15 (mid-exp)
[2016-09-20T13:02:30.535]      Zenith Distance = 51.87 (mid-exp)
[2016-09-20T13:02:30.535]      Airmass = 1.6164 (mid-exp)
[2016-09-20T13:02:31.253]  Loading science file "/storage/group/cfb12_collab/transits/V0645_Cen/20160908/l20160909-000928-V0645_Cen-I.fit" (34 of 69)
[2016-09-20T13:02:31.797]      Observatory name "Las Campanas Obs. Vallenar/Cerro Las Campanas" manually selected
[2016-09-20T13:02:31.801]      Target coordinates manually entered = 14:29:42.949 -62:40:46.16 (J2000)
[2016-09-20T13:02:31.801]      JD = 2457640.506661 (mid-exp)
[2016-09-20T13:02:31.801]      HJD = 2457640.505422 (mid-exp)    (correction = -1.7837 minutes)
[2016-09-20T13:02:31.802]      BJD(TDB) = 2457640.506182 (mid-exp)    (correction = -0.6901 minutes)
[2016-09-20T13:02:31.802]      Altitude = 38.07 (mid-exp)
[2016-09-20T13:02:31.802]      Azimuth = 211.03 (mid-exp)
[2016-09-20T13:02:31.802]      Hour Angle = 4.16 (mid-exp)
[2016-09-20T13:02:31.802]      Zenith Distance = 51.93 (mid-exp)
[2016-09-20T13:02:31.803]      Airmass = 1.6185 (mid-exp)
[2016-09-20T13:02:32.463]  Loading science file "/storage/group/cfb12_collab/transits/V0645_Cen/20160908/l20160909-001000-V0645_Cen-I.fit" (35 of 69)
[2016-09-20T13:02:32.986]      Observatory name "Las Campanas Obs. Vallenar/Cerro Las Campanas" manually selected
[2016-09-20T13:02:32.990]      Target coordinates manually entered = 14:29:42.949 -62:40:46.16 (J2000)
[2016-09-20T13:02:32.990]      JD = 2457640.507031 (mid-exp)
[2016-09-20T13:02:32.991]      HJD = 2457640.505793 (mid-exp)    (correction = -1.7837 minutes)
[2016-09-20T13:02:32.991]      BJD(TDB) = 2457640.506552 (mid-exp)    (correction = -0.6901 minutes)
[2016-09-20T13:02:32.991]      Altitude = 38.01 (mid-exp)
[2016-09-20T13:02:32.991]      Azimuth = 211.04 (mid-exp)
[2016-09-20T13:02:32.992]      Hour Angle = 4.17 (mid-exp)
[2016-09-20T13:02:32.992]      Zenith Distance = 51.99 (mid-exp)
[2016-09-20T13:02:32.992]      Airmass = 1.6206 (mid-exp)
[2016-09-20T13:02:33.969]  Loading science file "/storage/group/cfb12_collab/transits/V0645_Cen/20160908/l20160909-001032-V0645_Cen-I.fit" (36 of 69)
[2016-09-20T13:02:34.503]      Observatory name "Las Campanas Obs. Vallenar/Cerro Las Campanas" manually selected
[2016-09-20T13:02:34.507]      Target coordinates manually entered = 14:29:42.949 -62:40:46.16 (J2000)
[2016-09-20T13:02:34.507]      JD = 2457640.507402 (mid-exp)
[2016-09-20T13:02:34.508]      HJD = 2457640.506163 (mid-exp)    (correction = -1.7838 minutes)
[2016-09-20T13:02:34.508]      BJD(TDB) = 2457640.506922 (mid-exp)    (correction = -0.6902 minutes)
[2016-09-20T13:02:34.508]      Altitude = 37.95 (mid-exp)
[2016-09-20T13:02:34.508]      Azimuth = 211.06 (mid-exp)
[2016-09-20T13:02:34.508]      Hour Angle = 4.18 (mid-exp)
[2016-09-20T13:02:34.509]      Zenith Distance = 52.05 (mid-exp)
[2016-09-20T13:02:34.509]      Airmass = 1.6228 (mid-exp)
[2016-09-20T13:02:35.176]  Loading science file "/storage/group/cfb12_collab/transits/V0645_Cen/20160908/l20160909-001105-V0645_Cen-I.fit" (37 of 69)
[2016-09-20T13:02:35.768]      Observatory name "Las Campanas Obs. Vallenar/Cerro Las Campanas" manually selected
[2016-09-20T13:02:35.772]      Target coordinates manually entered = 14:29:42.949 -62:40:46.16 (J2000)
[2016-09-20T13:02:35.772]      JD = 2457640.507784 (mid-exp)
[2016-09-20T13:02:35.773]      HJD = 2457640.506545 (mid-exp)    (correction = -1.7838 minutes)
[2016-09-20T13:02:35.773]      BJD(TDB) = 2457640.507304 (mid-exp)    (correction = -0.6902 minutes)
[2016-09-20T13:02:35.773]      Altitude = 37.89 (mid-exp)
[2016-09-20T13:02:35.773]      Azimuth = 211.07 (mid-exp)
[2016-09-20T13:02:35.773]      Hour Angle = 4.19 (mid-exp)
[2016-09-20T13:02:35.774]      Zenith Distance = 52.11 (mid-exp)
[2016-09-20T13:02:35.774]      Airmass = 1.6250 (mid-exp)
[2016-09-20T13:02:36.548]  Loading science file "/storage/group/cfb12_collab/transits/V0645_Cen/20160908/l20160909-001136-V0645_Cen-I.fit" (38 of 69)
[2016-09-20T13:02:37.146]      Observatory name "Las Campanas Obs. Vallenar/Cerro Las Campanas" manually selected
[2016-09-20T13:02:37.150]      Target coordinates manually entered = 14:29:42.949 -62:40:46.16 (J2000)
[2016-09-20T13:02:37.151]      JD = 2457640.508154 (mid-exp)
[2016-09-20T13:02:37.151]      HJD = 2457640.506915 (mid-exp)    (correction = -1.7839 minutes)
[2016-09-20T13:02:37.151]      BJD(TDB) = 2457640.507675 (mid-exp)    (correction = -0.6902 minutes)
[2016-09-20T13:02:37.152]      Altitude = 37.83 (mid-exp)
[2016-09-20T13:02:37.152]      Azimuth = 211.08 (mid-exp)
[2016-09-20T13:02:37.152]      Hour Angle = 4.20 (mid-exp)
[2016-09-20T13:02:37.152]      Zenith Distance = 52.17 (mid-exp)
[2016-09-20T13:02:37.152]      Airmass = 1.6272 (mid-exp)
[2016-09-20T13:02:38.659]  Loading science file "/storage/group/cfb12_collab/transits/V0645_Cen/20160908/l20160909-001209-V0645_Cen-I.fit" (39 of 69)
[2016-09-20T13:02:39.223]      Observatory name "Las Campanas Obs. Vallenar/Cerro Las Campanas" manually selected
[2016-09-20T13:02:39.227]      Target coordinates manually entered = 14:29:42.949 -62:40:46.16 (J2000)
[2016-09-20T13:02:39.227]      JD = 2457640.508524 (mid-exp)
[2016-09-20T13:02:39.227]      HJD = 2457640.507285 (mid-exp)    (correction = -1.7839 minutes)
[2016-09-20T13:02:39.228]      BJD(TDB) = 2457640.508045 (mid-exp)    (correction = -0.6903 minutes)
[2016-09-20T13:02:39.228]      Altitude = 37.77 (mid-exp)
[2016-09-20T13:02:39.228]      Azimuth = 211.10 (mid-exp)
[2016-09-20T13:02:39.228]      Hour Angle = 4.21 (mid-exp)
[2016-09-20T13:02:39.228]      Zenith Distance = 52.23 (mid-exp)
[2016-09-20T13:02:39.229]      Airmass = 1.6294 (mid-exp)
[2016-09-20T13:02:39.990]  Loading science file "/storage/group/cfb12_collab/transits/V0645_Cen/20160908/l20160909-001240-V0645_Cen-I.fit" (40 of 69)
[2016-09-20T13:02:41.052]      Observatory name "Las Campanas Obs. Vallenar/Cerro Las Campanas" manually selected
[2016-09-20T13:02:41.172]      Target coordinates manually entered = 14:29:42.949 -62:40:46.16 (J2000)
[2016-09-20T13:02:41.252]      JD = 2457640.508895 (mid-exp)
[2016-09-20T13:02:41.252]      HJD = 2457640.507656 (mid-exp)    (correction = -1.7839 minutes)
[2016-09-20T13:02:41.403]      BJD(TDB) = 2457640.508415 (mid-exp)    (correction = -0.6903 minutes)
[2016-09-20T13:02:41.521]      Altitude = 37.71 (mid-exp)
[2016-09-20T13:02:41.619]      Azimuth = 211.11 (mid-exp)
[2016-09-20T13:02:41.671]      Hour Angle = 4.22 (mid-exp)
[2016-09-20T13:02:41.787]      Zenith Distance = 52.29 (mid-exp)
[2016-09-20T13:02:41.871]      Airmass = 1.6316 (mid-exp)
[2016-09-20T13:02:48.528]  Loading science file "/storage/group/cfb12_collab/transits/V0645_Cen/20160908/l20160909-001312-V0645_Cen-I.fit" (41 of 69)
[2016-09-20T13:02:49.061]      Observatory name "Las Campanas Obs. Vallenar/Cerro Las Campanas" manually selected
[2016-09-20T13:02:49.065]      Target coordinates manually entered = 14:29:42.949 -62:40:46.16 (J2000)
[2016-09-20T13:02:49.065]      JD = 2457640.509253 (mid-exp)
[2016-09-20T13:02:49.066]      HJD = 2457640.508015 (mid-exp)    (correction = -1.7840 minutes)
[2016-09-20T13:02:49.066]      BJD(TDB) = 2457640.508774 (mid-exp)    (correction = -0.6904 minutes)
[2016-09-20T13:02:49.066]      Altitude = 37.65 (mid-exp)
[2016-09-20T13:02:49.066]      Azimuth = 211.12 (mid-exp)
[2016-09-20T13:02:49.066]      Hour Angle = 4.23 (mid-exp)
[2016-09-20T13:02:49.067]      Zenith Distance = 52.35 (mid-exp)
[2016-09-20T13:02:49.067]      Airmass = 1.6338 (mid-exp)
[2016-09-20T13:02:49.705]  Loading science file "/storage/group/cfb12_collab/transits/V0645_Cen/20160908/l20160909-001344-V0645_Cen-I.fit" (42 of 69)
[2016-09-20T13:02:50.230]      Observatory name "Las Campanas Obs. Vallenar/Cerro Las Campanas" manually selected
[2016-09-20T13:02:50.234]      Target coordinates manually entered = 14:29:42.949 -62:40:46.16 (J2000)
[2016-09-20T13:02:50.235]      JD = 2457640.509624 (mid-exp)
[2016-09-20T13:02:50.235]      HJD = 2457640.508385 (mid-exp)    (correction = -1.7840 minutes)
[2016-09-20T13:02:50.235]      BJD(TDB) = 2457640.509144 (mid-exp)    (correction = -0.6904 minutes)
[2016-09-20T13:02:50.235]      Altitude = 37.59 (mid-exp)
[2016-09-20T13:02:50.235]      Azimuth = 211.13 (mid-exp)
[2016-09-20T13:02:50.236]      Hour Angle = 4.23 (mid-exp)
[2016-09-20T13:02:50.236]      Zenith Distance = 52.41 (mid-exp)
[2016-09-20T13:02:50.236]      Airmass = 1.6360 (mid-exp)
[2016-09-20T13:02:51.011]  Loading science file "/storage/group/cfb12_collab/transits/V0645_Cen/20160908/l20160909-001416-V0645_Cen-I.fit" (43 of 69)
[2016-09-20T13:02:51.546]      Observatory name "Las Campanas Obs. Vallenar/Cerro Las Campanas" manually selected
[2016-09-20T13:02:51.550]      Target coordinates manually entered = 14:29:42.949 -62:40:46.16 (J2000)
[2016-09-20T13:02:51.550]      JD = 2457640.510006 (mid-exp)
[2016-09-20T13:02:51.550]      HJD = 2457640.508767 (mid-exp)    (correction = -1.7840 minutes)
[2016-09-20T13:02:51.551]      BJD(TDB) = 2457640.509526 (mid-exp)    (correction = -0.6904 minutes)
[2016-09-20T13:02:51.551]      Altitude = 37.53 (mid-exp)
[2016-09-20T13:02:51.551]      Azimuth = 211.15 (mid-exp)
[2016-09-20T13:02:51.551]      Hour Angle = 4.24 (mid-exp)
[2016-09-20T13:02:51.551]      Zenith Distance = 52.47 (mid-exp)
[2016-09-20T13:02:51.552]      Airmass = 1.6383 (mid-exp)
[2016-09-20T13:02:52.553]  Loading science file "/storage/group/cfb12_collab/transits/V0645_Cen/20160908/l20160909-001447-V0645_Cen-I.fit" (44 of 69)
[2016-09-20T13:02:53.091]      Observatory name "Las Campanas Obs. Vallenar/Cerro Las Campanas" manually selected
[2016-09-20T13:02:53.095]      Target coordinates manually entered = 14:29:42.949 -62:40:46.16 (J2000)
[2016-09-20T13:02:53.095]      JD = 2457640.510353 (mid-exp)
[2016-09-20T13:02:53.095]      HJD = 2457640.509114 (mid-exp)    (correction = -1.7841 minutes)
[2016-09-20T13:02:53.096]      BJD(TDB) = 2457640.509874 (mid-exp)    (correction = -0.6905 minutes)
[2016-09-20T13:02:53.096]      Altitude = 37.47 (mid-exp)
[2016-09-20T13:02:53.096]      Azimuth = 211.16 (mid-exp)
[2016-09-20T13:02:53.096]      Hour Angle = 4.25 (mid-exp)
[2016-09-20T13:02:53.096]      Zenith Distance = 52.53 (mid-exp)
[2016-09-20T13:02:53.097]      Airmass = 1.6404 (mid-exp)
[2016-09-20T13:02:54.328]  Loading science file "/storage/group/cfb12_collab/transits/V0645_Cen/20160908/l20160909-001519-V0645_Cen-I.fit" (45 of 69)
[2016-09-20T13:02:54.880]      Observatory name "Las Campanas Obs. Vallenar/Cerro Las Campanas" manually selected
[2016-09-20T13:02:54.884]      Target coordinates manually entered = 14:29:42.949 -62:40:46.16 (J2000)
[2016-09-20T13:02:54.884]      JD = 2457640.510723 (mid-exp)
[2016-09-20T13:02:54.885]      HJD = 2457640.509484 (mid-exp)    (correction = -1.7841 minutes)
[2016-09-20T13:02:54.885]      BJD(TDB) = 2457640.510244 (mid-exp)    (correction = -0.6905 minutes)
[2016-09-20T13:02:54.885]      Altitude = 37.41 (mid-exp)
[2016-09-20T13:02:54.885]      Azimuth = 211.17 (mid-exp)
[2016-09-20T13:02:54.886]      Hour Angle = 4.26 (mid-exp)
[2016-09-20T13:02:54.886]      Zenith Distance = 52.59 (mid-exp)
[2016-09-20T13:02:54.886]      Airmass = 1.6426 (mid-exp)
[2016-09-20T13:02:55.567]  Loading science file "/storage/group/cfb12_collab/transits/V0645_Cen/20160908/l20160909-001552-V0645_Cen-I.fit" (46 of 69)
[2016-09-20T13:02:56.550]      Observatory name "Las Campanas Obs. Vallenar/Cerro Las Campanas" manually selected
[2016-09-20T13:02:56.798]      Target coordinates manually entered = 14:29:42.949 -62:40:46.16 (J2000)
[2016-09-20T13:02:58.783]      JD = 2457640.511105 (mid-exp)
[2016-09-20T13:02:58.801]      HJD = 2457640.509866 (mid-exp)    (correction = -1.7841 minutes)
[2016-09-20T13:03:00.472]      BJD(TDB) = 2457640.510626 (mid-exp)    (correction = -0.6905 minutes)
[2016-09-20T13:03:00.474]      Altitude = 37.35 (mid-exp)
[2016-09-20T13:03:00.489]      Azimuth = 211.18 (mid-exp)
[2016-09-20T13:03:00.489]      Hour Angle = 4.27 (mid-exp)
[2016-09-20T13:03:00.492]      Zenith Distance = 52.65 (mid-exp)
[2016-09-20T13:03:00.492]      Airmass = 1.6450 (mid-exp)
[2016-09-20T13:03:02.015]  Loading science file "/storage/group/cfb12_collab/transits/V0645_Cen/20160908/l20160909-001624-V0645_Cen-I.fit" (47 of 69)
[2016-09-20T13:03:02.538]      Observatory name "Las Campanas Obs. Vallenar/Cerro Las Campanas" manually selected
[2016-09-20T13:03:02.542]      Target coordinates manually entered = 14:29:42.949 -62:40:46.16 (J2000)
[2016-09-20T13:03:02.542]      JD = 2457640.511476 (mid-exp)
[2016-09-20T13:03:02.543]      HJD = 2457640.510237 (mid-exp)    (correction = -1.7842 minutes)
[2016-09-20T13:03:02.543]      BJD(TDB) = 2457640.510996 (mid-exp)    (correction = -0.6906 minutes)
[2016-09-20T13:03:02.543]      Altitude = 37.29 (mid-exp)
[2016-09-20T13:03:02.543]      Azimuth = 211.19 (mid-exp)
[2016-09-20T13:03:02.543]      Hour Angle = 4.28 (mid-exp)
[2016-09-20T13:03:02.543]      Zenith Distance = 52.71 (mid-exp)
[2016-09-20T13:03:02.544]      Airmass = 1.6472 (mid-exp)
[2016-09-20T13:03:03.171]  Loading science file "/storage/group/cfb12_collab/transits/V0645_Cen/20160908/l20160909-001655-V0645_Cen-I.fit" (48 of 69)
[2016-09-20T13:03:03.696]      Observatory name "Las Campanas Obs. Vallenar/Cerro Las Campanas" manually selected
[2016-09-20T13:03:03.700]      Target coordinates manually entered = 14:29:42.949 -62:40:46.16 (J2000)
[2016-09-20T13:03:03.701]      JD = 2457640.511834 (mid-exp)
[2016-09-20T13:03:03.701]      HJD = 2457640.510595 (mid-exp)    (correction = -1.7842 minutes)
[2016-09-20T13:03:03.701]      BJD(TDB) = 2457640.511355 (mid-exp)    (correction = -0.6906 minutes)
[2016-09-20T13:03:03.701]      Altitude = 37.23 (mid-exp)
[2016-09-20T13:03:03.701]      Azimuth = 211.20 (mid-exp)
[2016-09-20T13:03:03.702]      Hour Angle = 4.29 (mid-exp)
[2016-09-20T13:03:03.702]      Zenith Distance = 52.77 (mid-exp)
[2016-09-20T13:03:03.702]      Airmass = 1.6494 (mid-exp)
[2016-09-20T13:03:04.477]  Loading science file "/storage/group/cfb12_collab/transits/V0645_Cen/20160908/l20160909-001728-V0645_Cen-I.fit" (49 of 69)
[2016-09-20T13:03:05.112]      Observatory name "Las Campanas Obs. Vallenar/Cerro Las Campanas" manually selected
[2016-09-20T13:03:05.116]      Target coordinates manually entered = 14:29:42.949 -62:40:46.16 (J2000)
[2016-09-20T13:03:05.116]      JD = 2457640.512216 (mid-exp)
[2016-09-20T13:03:05.116]      HJD = 2457640.510977 (mid-exp)    (correction = -1.7842 minutes)
[2016-09-20T13:03:05.117]      BJD(TDB) = 2457640.511737 (mid-exp)    (correction = -0.6906 minutes)
[2016-09-20T13:03:05.117]      Altitude = 37.16 (mid-exp)
[2016-09-20T13:03:05.117]      Azimuth = 211.21 (mid-exp)
[2016-09-20T13:03:05.117]      Hour Angle = 4.30 (mid-exp)
[2016-09-20T13:03:05.117]      Zenith Distance = 52.84 (mid-exp)
[2016-09-20T13:03:05.118]      Airmass = 1.6518 (mid-exp)
[2016-09-20T13:03:06.371]  Loading science file "/storage/group/cfb12_collab/transits/V0645_Cen/20160908/l20160909-002934-V0645_Cen-I.fit" (50 of 69)
[2016-09-20T13:03:06.895]      Observatory name "Las Campanas Obs. Vallenar/Cerro Las Campanas" manually selected
[2016-09-20T13:03:06.899]      Target coordinates manually entered = 14:29:42.949 -62:40:46.16 (J2000)
[2016-09-20T13:03:06.899]      JD = 2457640.520828 (mid-exp)
[2016-09-20T13:03:06.899]      HJD = 2457640.519588 (mid-exp)    (correction = -1.7851 minutes)
[2016-09-20T13:03:06.899]      BJD(TDB) = 2457640.520347 (mid-exp)    (correction = -0.6915 minutes)
[2016-09-20T13:03:06.899]      Altitude = 35.75 (mid-exp)
[2016-09-20T13:03:06.900]      Azimuth = 211.42 (mid-exp)
[2016-09-20T13:03:06.900]      Hour Angle = 4.50 (mid-exp)
[2016-09-20T13:03:06.900]      Zenith Distance = 54.25 (mid-exp)
[2016-09-20T13:03:06.900]      Airmass = 1.7075 (mid-exp)
[2016-09-20T13:03:07.765]  Loading science file "/storage/group/cfb12_collab/transits/V0645_Cen/20160908/l20160909-003042-V0645_Cen-I.fit" (51 of 69)
[2016-09-20T13:03:08.299]      Observatory name "Las Campanas Obs. Vallenar/Cerro Las Campanas" manually selected
[2016-09-20T13:03:08.303]      Target coordinates manually entered = 14:29:42.949 -62:40:46.16 (J2000)
[2016-09-20T13:03:08.303]      JD = 2457640.521406 (mid-exp)
[2016-09-20T13:03:08.303]      HJD = 2457640.520167 (mid-exp)    (correction = -1.7851 minutes)
[2016-09-20T13:03:08.303]      BJD(TDB) = 2457640.520926 (mid-exp)    (correction = -0.6915 minutes)
[2016-09-20T13:03:08.303]      Altitude = 35.66 (mid-exp)
[2016-09-20T13:03:08.304]      Azimuth = 211.43 (mid-exp)
[2016-09-20T13:03:08.304]      Hour Angle = 4.52 (mid-exp)
[2016-09-20T13:03:08.304]      Zenith Distance = 54.34 (mid-exp)
[2016-09-20T13:03:08.304]      Airmass = 1.7114 (mid-exp)
[2016-09-20T13:03:09.312]  Loading science file "/storage/group/cfb12_collab/transits/V0645_Cen/20160908/l20160909-003137-V0645_Cen-I.fit" (52 of 69)
[2016-09-20T13:03:09.878]      Observatory name "Las Campanas Obs. Vallenar/Cerro Las Campanas" manually selected
[2016-09-20T13:03:09.882]      Target coordinates manually entered = 14:29:42.949 -62:40:46.16 (J2000)
[2016-09-20T13:03:09.882]      JD = 2457640.522054 (mid-exp)
[2016-09-20T13:03:09.883]      HJD = 2457640.520815 (mid-exp)    (correction = -1.7852 minutes)
[2016-09-20T13:03:09.883]      BJD(TDB) = 2457640.521574 (mid-exp)    (correction = -0.6916 minutes)
[2016-09-20T13:03:09.883]      Altitude = 35.55 (mid-exp)
[2016-09-20T13:03:09.883]      Azimuth = 211.44 (mid-exp)
[2016-09-20T13:03:09.883]      Hour Angle = 4.53 (mid-exp)
[2016-09-20T13:03:09.884]      Zenith Distance = 54.45 (mid-exp)
[2016-09-20T13:03:09.884]      Airmass = 1.7158 (mid-exp)
[2016-09-20T13:03:10.578]  Loading science file "/storage/group/cfb12_collab/transits/V0645_Cen/20160908/l20160909-003230-V0645_Cen-I.fit" (53 of 69)
[2016-09-20T13:03:11.111]      Observatory name "Las Campanas Obs. Vallenar/Cerro Las Campanas" manually selected
[2016-09-20T13:03:11.114]      Target coordinates manually entered = 14:29:42.949 -62:40:46.16 (J2000)
[2016-09-20T13:03:11.114]      JD = 2457640.522656 (mid-exp)
[2016-09-20T13:03:11.115]      HJD = 2457640.521416 (mid-exp)    (correction = -1.7852 minutes)
[2016-09-20T13:03:11.115]      BJD(TDB) = 2457640.522176 (mid-exp)    (correction = -0.6916 minutes)
[2016-09-20T13:03:11.115]      Altitude = 35.45 (mid-exp)
[2016-09-20T13:03:11.115]      Azimuth = 211.45 (mid-exp)
[2016-09-20T13:03:11.115]      Hour Angle = 4.55 (mid-exp)
[2016-09-20T13:03:11.116]      Zenith Distance = 54.55 (mid-exp)
[2016-09-20T13:03:11.116]      Airmass = 1.7199 (mid-exp)
[2016-09-20T13:03:12.149]  Loading science file "/storage/group/cfb12_collab/transits/V0645_Cen/20160908/l20160909-003322-V0645_Cen-I.fit" (54 of 69)
[2016-09-20T13:03:12.696]      Observatory name "Las Campanas Obs. Vallenar/Cerro Las Campanas" manually selected
[2016-09-20T13:03:12.701]      Target coordinates manually entered = 14:29:42.949 -62:40:46.16 (J2000)
[2016-09-20T13:03:12.701]      JD = 2457640.523258 (mid-exp)
[2016-09-20T13:03:12.701]      HJD = 2457640.522018 (mid-exp)    (correction = -1.7853 minutes)
[2016-09-20T13:03:12.701]      BJD(TDB) = 2457640.522778 (mid-exp)    (correction = -0.6917 minutes)
[2016-09-20T13:03:12.701]      Altitude = 35.35 (mid-exp)
[2016-09-20T13:03:12.702]      Azimuth = 211.46 (mid-exp)
[2016-09-20T13:03:12.702]      Hour Angle = 4.56 (mid-exp)
[2016-09-20T13:03:12.702]      Zenith Distance = 54.65 (mid-exp)
[2016-09-20T13:03:12.702]      Airmass = 1.7241 (mid-exp)
[2016-09-20T13:03:13.480]  Loading science file "/storage/group/cfb12_collab/transits/V0645_Cen/20160908/l20160909-003412-V0645_Cen-I.fit" (55 of 69)
[2016-09-20T13:03:14.012]      Observatory name "Las Campanas Obs. Vallenar/Cerro Las Campanas" manually selected
[2016-09-20T13:03:14.016]      Target coordinates manually entered = 14:29:42.949 -62:40:46.16 (J2000)
[2016-09-20T13:03:14.016]      JD = 2457640.523837 (mid-exp)
[2016-09-20T13:03:14.016]      HJD = 2457640.522597 (mid-exp)    (correction = -1.7854 minutes)
[2016-09-20T13:03:14.016]      BJD(TDB) = 2457640.523356 (mid-exp)    (correction = -0.6917 minutes)
[2016-09-20T13:03:14.016]      Altitude = 35.26 (mid-exp)
[2016-09-20T13:03:14.017]      Azimuth = 211.47 (mid-exp)
[2016-09-20T13:03:14.017]      Hour Angle = 4.58 (mid-exp)
[2016-09-20T13:03:14.017]      Zenith Distance = 54.74 (mid-exp)
[2016-09-20T13:03:14.017]      Airmass = 1.7281 (mid-exp)
[2016-09-20T13:03:15.496]  Loading science file "/storage/group/cfb12_collab/transits/V0645_Cen/20160908/l20160909-003458-V0645_Cen-I.fit" (56 of 69)
[2016-09-20T13:03:16.026]      Observatory name "Las Campanas Obs. Vallenar/Cerro Las Campanas" manually selected
[2016-09-20T13:03:16.029]      Target coordinates manually entered = 14:29:42.949 -62:40:46.16 (J2000)
[2016-09-20T13:03:16.029]      JD = 2457640.524369 (mid-exp)
[2016-09-20T13:03:16.030]      HJD = 2457640.523129 (mid-exp)    (correction = -1.7854 minutes)
[2016-09-20T13:03:16.030]      BJD(TDB) = 2457640.523889 (mid-exp)    (correction = -0.6918 minutes)
[2016-09-20T13:03:16.030]      Altitude = 35.17 (mid-exp)
[2016-09-20T13:03:16.030]      Azimuth = 211.48 (mid-exp)
[2016-09-20T13:03:16.030]      Hour Angle = 4.59 (mid-exp)
[2016-09-20T13:03:16.031]      Zenith Distance = 54.83 (mid-exp)
[2016-09-20T13:03:16.031]      Airmass = 1.7319 (mid-exp)
[2016-09-20T13:03:17.514]  Loading science file "/storage/group/cfb12_collab/transits/V0645_Cen/20160908/l20160909-003541-V0645_Cen-I.fit" (57 of 69)
[2016-09-20T13:03:18.267]      Observatory name "Las Campanas Obs. Vallenar/Cerro Las Campanas" manually selected
[2016-09-20T13:03:18.270]      Target coordinates manually entered = 14:29:42.949 -62:40:46.16 (J2000)
[2016-09-20T13:03:18.270]      JD = 2457640.524867 (mid-exp)
[2016-09-20T13:03:18.270]      HJD = 2457640.523627 (mid-exp)    (correction = -1.7855 minutes)
[2016-09-20T13:03:18.270]      BJD(TDB) = 2457640.524386 (mid-exp)    (correction = -0.6918 minutes)
[2016-09-20T13:03:18.271]      Altitude = 35.09 (mid-exp)
[2016-09-20T13:03:18.271]      Azimuth = 211.49 (mid-exp)
[2016-09-20T13:03:18.271]      Hour Angle = 4.60 (mid-exp)
[2016-09-20T13:03:18.272]      Zenith Distance = 54.91 (mid-exp)
[2016-09-20T13:03:18.272]      Airmass = 1.7354 (mid-exp)
[2016-09-20T13:03:19.533]  Loading science file "/storage/group/cfb12_collab/transits/V0645_Cen/20160908/l20160909-003613-V0645_Cen-I.fit" (58 of 69)
[2016-09-20T13:03:20.064]      Observatory name "Las Campanas Obs. Vallenar/Cerro Las Campanas" manually selected
[2016-09-20T13:03:20.068]      Target coordinates manually entered = 14:29:42.949 -62:40:46.16 (J2000)
[2016-09-20T13:03:20.068]      JD = 2457640.525237 (mid-exp)
[2016-09-20T13:03:20.068]      HJD = 2457640.523997 (mid-exp)    (correction = -1.7855 minutes)
[2016-09-20T13:03:20.069]      BJD(TDB) = 2457640.524757 (mid-exp)    (correction = -0.6919 minutes)
[2016-09-20T13:03:20.069]      Altitude = 35.03 (mid-exp)
[2016-09-20T13:03:20.069]      Azimuth = 211.49 (mid-exp)
[2016-09-20T13:03:20.069]      Hour Angle = 4.61 (mid-exp)
[2016-09-20T13:03:20.069]      Zenith Distance = 54.97 (mid-exp)
[2016-09-20T13:03:20.070]      Airmass = 1.7380 (mid-exp)
[2016-09-20T13:03:21.738]  Loading science file "/storage/group/cfb12_collab/transits/V0645_Cen/20160908/l20160909-003645-V0645_Cen-I.fit" (59 of 69)
[2016-09-20T13:03:22.264]      Observatory name "Las Campanas Obs. Vallenar/Cerro Las Campanas" manually selected
[2016-09-20T13:03:22.267]      Target coordinates manually entered = 14:29:42.949 -62:40:46.16 (J2000)
[2016-09-20T13:03:22.267]      JD = 2457640.525608 (mid-exp)
[2016-09-20T13:03:22.268]      HJD = 2457640.524368 (mid-exp)    (correction = -1.7855 minutes)
[2016-09-20T13:03:22.268]      BJD(TDB) = 2457640.525127 (mid-exp)    (correction = -0.6919 minutes)
[2016-09-20T13:03:22.268]      Altitude = 34.96 (mid-exp)
[2016-09-20T13:03:22.268]      Azimuth = 211.50 (mid-exp)
[2016-09-20T13:03:22.268]      Hour Angle = 4.62 (mid-exp)
[2016-09-20T13:03:22.269]      Zenith Distance = 55.04 (mid-exp)
[2016-09-20T13:03:22.269]      Airmass = 1.7406 (mid-exp)
[2016-09-20T13:03:23.996]  Loading science file "/storage/group/cfb12_collab/transits/V0645_Cen/20160908/l20160909-003717-V0645_Cen-I.fit" (60 of 69)
[2016-09-20T13:03:24.517]      Observatory name "Las Campanas Obs. Vallenar/Cerro Las Campanas" manually selected
[2016-09-20T13:03:24.521]      Target coordinates manually entered = 14:29:42.949 -62:40:46.16 (J2000)
[2016-09-20T13:03:24.521]      JD = 2457640.525978 (mid-exp)
[2016-09-20T13:03:24.521]      HJD = 2457640.524738 (mid-exp)    (correction = -1.7856 minutes)
[2016-09-20T13:03:24.521]      BJD(TDB) = 2457640.525497 (mid-exp)    (correction = -0.6920 minutes)
[2016-09-20T13:03:24.521]      Altitude = 34.90 (mid-exp)
[2016-09-20T13:03:24.522]      Azimuth = 211.50 (mid-exp)
[2016-09-20T13:03:24.522]      Hour Angle = 4.63 (mid-exp)
[2016-09-20T13:03:24.522]      Zenith Distance = 55.10 (mid-exp)
[2016-09-20T13:03:24.522]      Airmass = 1.7432 (mid-exp)
[2016-09-20T13:03:26.069]  Loading science file "/storage/group/cfb12_collab/transits/V0645_Cen/20160908/l20160909-003750-V0645_Cen-I.fit" (61 of 69)
[2016-09-20T13:03:26.595]      Observatory name "Las Campanas Obs. Vallenar/Cerro Las Campanas" manually selected
[2016-09-20T13:03:26.599]      Target coordinates manually entered = 14:29:42.949 -62:40:46.16 (J2000)
[2016-09-20T13:03:26.599]      JD = 2457640.526360 (mid-exp)
[2016-09-20T13:03:26.599]      HJD = 2457640.525120 (mid-exp)    (correction = -1.7856 minutes)
[2016-09-20T13:03:26.599]      BJD(TDB) = 2457640.525879 (mid-exp)    (correction = -0.6920 minutes)
[2016-09-20T13:03:26.599]      Altitude = 34.84 (mid-exp)
[2016-09-20T13:03:26.600]      Azimuth = 211.51 (mid-exp)
[2016-09-20T13:03:26.600]      Hour Angle = 4.64 (mid-exp)
[2016-09-20T13:03:26.600]      Zenith Distance = 55.16 (mid-exp)
[2016-09-20T13:03:26.600]      Airmass = 1.7460 (mid-exp)
[2016-09-20T13:03:28.383]  Loading science file "/storage/group/cfb12_collab/transits/V0645_Cen/20160908/l20160909-003821-V0645_Cen-I.fit" (62 of 69)
[2016-09-20T13:03:28.908]      Observatory name "Las Campanas Obs. Vallenar/Cerro Las Campanas" manually selected
[2016-09-20T13:03:28.911]      Target coordinates manually entered = 14:29:42.949 -62:40:46.16 (J2000)
[2016-09-20T13:03:28.912]      JD = 2457640.526719 (mid-exp)
[2016-09-20T13:03:28.912]      HJD = 2457640.525479 (mid-exp)    (correction = -1.7856 minutes)
[2016-09-20T13:03:28.912]      BJD(TDB) = 2457640.526238 (mid-exp)    (correction = -0.6920 minutes)
[2016-09-20T13:03:28.912]      Altitude = 34.78 (mid-exp)
[2016-09-20T13:03:28.912]      Azimuth = 211.51 (mid-exp)
[2016-09-20T13:03:28.913]      Hour Angle = 4.65 (mid-exp)
[2016-09-20T13:03:28.913]      Zenith Distance = 55.22 (mid-exp)
[2016-09-20T13:03:28.913]      Airmass = 1.7486 (mid-exp)
[2016-09-20T13:03:30.810]  Loading science file "/storage/group/cfb12_collab/transits/V0645_Cen/20160908/l20160909-003852-V0645_Cen-I.fit" (63 of 69)
[2016-09-20T13:03:31.348]      Observatory name "Las Campanas Obs. Vallenar/Cerro Las Campanas" manually selected
[2016-09-20T13:03:31.351]      Target coordinates manually entered = 14:29:42.949 -62:40:46.16 (J2000)
[2016-09-20T13:03:31.352]      JD = 2457640.527078 (mid-exp)
[2016-09-20T13:03:31.352]      HJD = 2457640.525837 (mid-exp)    (correction = -1.7857 minutes)
[2016-09-20T13:03:31.352]      BJD(TDB) = 2457640.526597 (mid-exp)    (correction = -0.6921 minutes)
[2016-09-20T13:03:31.352]      Altitude = 34.72 (mid-exp)
[2016-09-20T13:03:31.352]      Azimuth = 211.51 (mid-exp)
[2016-09-20T13:03:31.353]      Hour Angle = 4.65 (mid-exp)
[2016-09-20T13:03:31.353]      Zenith Distance = 55.28 (mid-exp)
[2016-09-20T13:03:31.353]      Airmass = 1.7511 (mid-exp)
[2016-09-20T13:03:32.887]  Loading science file "/storage/group/cfb12_collab/transits/V0645_Cen/20160908/l20160909-003925-V0645_Cen-I.fit" (64 of 69)
[2016-09-20T13:03:33.413]      Observatory name "Las Campanas Obs. Vallenar/Cerro Las Campanas" manually selected
[2016-09-20T13:03:33.417]      Target coordinates manually entered = 14:29:42.949 -62:40:46.16 (J2000)
[2016-09-20T13:03:33.417]      JD = 2457640.527459 (mid-exp)
[2016-09-20T13:03:33.417]      HJD = 2457640.526219 (mid-exp)    (correction = -1.7857 minutes)
[2016-09-20T13:03:33.417]      BJD(TDB) = 2457640.526979 (mid-exp)    (correction = -0.6921 minutes)
[2016-09-20T13:03:33.417]      Altitude = 34.66 (mid-exp)
[2016-09-20T13:03:33.418]      Azimuth = 211.52 (mid-exp)
[2016-09-20T13:03:33.418]      Hour Angle = 4.66 (mid-exp)
[2016-09-20T13:03:33.418]      Zenith Distance = 55.34 (mid-exp)
[2016-09-20T13:03:33.418]      Airmass = 1.7539 (mid-exp)
[2016-09-20T13:03:34.192]  Loading science file "/storage/group/cfb12_collab/transits/V0645_Cen/20160908/l20160909-003959-V0645_Cen-I.fit" (65 of 69)
[2016-09-20T13:03:34.737]      Observatory name "Las Campanas Obs. Vallenar/Cerro Las Campanas" manually selected
[2016-09-20T13:03:34.741]      Target coordinates manually entered = 14:29:42.949 -62:40:46.16 (J2000)
[2016-09-20T13:03:34.741]      JD = 2457640.527853 (mid-exp)
[2016-09-20T13:03:34.741]      HJD = 2457640.526613 (mid-exp)    (correction = -1.7857 minutes)
[2016-09-20T13:03:34.741]      BJD(TDB) = 2457640.527372 (mid-exp)    (correction = -0.6921 minutes)
[2016-09-20T13:03:34.741]      Altitude = 34.59 (mid-exp)
[2016-09-20T13:03:34.742]      Azimuth = 211.52 (mid-exp)
[2016-09-20T13:03:34.742]      Hour Angle = 4.67 (mid-exp)
[2016-09-20T13:03:34.742]      Zenith Distance = 55.41 (mid-exp)
[2016-09-20T13:03:34.742]      Airmass = 1.7568 (mid-exp)
[2016-09-20T13:03:35.443]  Loading science file "/storage/group/cfb12_collab/transits/V0645_Cen/20160908/l20160909-004032-V0645_Cen-I.fit" (66 of 69)
[2016-09-20T13:03:35.986]      Observatory name "Las Campanas Obs. Vallenar/Cerro Las Campanas" manually selected
[2016-09-20T13:03:35.989]      Target coordinates manually entered = 14:29:42.949 -62:40:46.16 (J2000)
[2016-09-20T13:03:35.990]      JD = 2457640.528235 (mid-exp)
[2016-09-20T13:03:35.990]      HJD = 2457640.526995 (mid-exp)    (correction = -1.7858 minutes)
[2016-09-20T13:03:35.990]      BJD(TDB) = 2457640.527754 (mid-exp)    (correction = -0.6922 minutes)
[2016-09-20T13:03:35.990]      Altitude = 34.53 (mid-exp)
[2016-09-20T13:03:35.990]      Azimuth = 211.53 (mid-exp)
[2016-09-20T13:03:35.991]      Hour Angle = 4.68 (mid-exp)
[2016-09-20T13:03:35.991]      Zenith Distance = 55.47 (mid-exp)
[2016-09-20T13:03:35.991]      Airmass = 1.7595 (mid-exp)
[2016-09-20T13:03:36.785]  Loading science file "/storage/group/cfb12_collab/transits/V0645_Cen/20160908/l20160909-004103-V0645_Cen-I.fit" (67 of 69)
[2016-09-20T13:03:37.339]      Observatory name "Las Campanas Obs. Vallenar/Cerro Las Campanas" manually selected
[2016-09-20T13:03:37.343]      Target coordinates manually entered = 14:29:42.949 -62:40:46.16 (J2000)
[2016-09-20T13:03:37.343]      JD = 2457640.528594 (mid-exp)
[2016-09-20T13:03:37.343]      HJD = 2457640.527354 (mid-exp)    (correction = -1.7858 minutes)
[2016-09-20T13:03:37.343]      BJD(TDB) = 2457640.528113 (mid-exp)    (correction = -0.6922 minutes)
[2016-09-20T13:03:37.344]      Altitude = 34.47 (mid-exp)
[2016-09-20T13:03:37.344]      Azimuth = 211.53 (mid-exp)
[2016-09-20T13:03:37.344]      Hour Angle = 4.69 (mid-exp)
[2016-09-20T13:03:37.344]      Zenith Distance = 55.53 (mid-exp)
[2016-09-20T13:03:37.345]      Airmass = 1.7622 (mid-exp)
[2016-09-20T13:03:38.027]  Loading science file "/storage/group/cfb12_collab/transits/V0645_Cen/20160908/l20160909-004136-V0645_Cen-I.fit" (68 of 69)
[2016-09-20T13:03:38.571]      Observatory name "Las Campanas Obs. Vallenar/Cerro Las Campanas" manually selected
[2016-09-20T13:03:38.575]      Target coordinates manually entered = 14:29:42.949 -62:40:46.16 (J2000)
[2016-09-20T13:03:38.575]      JD = 2457640.528976 (mid-exp)
[2016-09-20T13:03:38.575]      HJD = 2457640.527736 (mid-exp)    (correction = -1.7858 minutes)
[2016-09-20T13:03:38.575]      BJD(TDB) = 2457640.528495 (mid-exp)    (correction = -0.6922 minutes)
[2016-09-20T13:03:38.575]      Altitude = 34.41 (mid-exp)
[2016-09-20T13:03:38.576]      Azimuth = 211.53 (mid-exp)
[2016-09-20T13:03:38.576]      Hour Angle = 4.70 (mid-exp)
[2016-09-20T13:03:38.576]      Zenith Distance = 55.59 (mid-exp)
[2016-09-20T13:03:38.576]      Airmass = 1.7650 (mid-exp)
[2016-09-20T13:03:39.298]  Loading science file "/storage/group/cfb12_collab/transits/V0645_Cen/20160908/l20160909-004210-V0645_Cen-I.fit" (69 of 69)
[2016-09-20T13:03:39.833]      Observatory name "Las Campanas Obs. Vallenar/Cerro Las Campanas" manually selected
[2016-09-20T13:03:39.836]      Target coordinates manually entered = 14:29:42.949 -62:40:46.16 (J2000)
[2016-09-20T13:03:39.836]      JD = 2457640.529369 (mid-exp)
[2016-09-20T13:03:39.837]      HJD = 2457640.528129 (mid-exp)    (correction = -1.7859 minutes)
[2016-09-20T13:03:39.837]      BJD(TDB) = 2457640.528888 (mid-exp)    (correction = -0.6923 minutes)
[2016-09-20T13:03:39.837]      Altitude = 34.34 (mid-exp)
[2016-09-20T13:03:39.837]      Azimuth = 211.54 (mid-exp)
[2016-09-20T13:03:39.837]      Hour Angle = 4.71 (mid-exp)
[2016-09-20T13:03:39.838]      Zenith Distance = 55.66 (mid-exp)
[2016-09-20T13:03:39.838]      Airmass = 1.7679 (mid-exp)
[2016-09-20T13:03:40.710]   
[2016-09-20T13:03:40.711]  ************FINISHED************
[2016-09-20T13:03:40.711]   
